<?xml version="1.0" encoding="UTF-8"?>
<!-- Generated by org.testng.reporters.JUnitReportReporter -->
<testsuite skipped="0" hostname="W0472501MSMXT" name="ParallelTest.TestBrowser" tests="2" failures="0" timestamp="2019-12-13T13:23:04 IST" time="2.044" errors="0">
  <testcase name="doLogin" time="1.022" classname="ParallelTest.TestBrowser"/>
  <testcase name="doLogin" time="1.022" classname="ParallelTest.TestBrowser"/>
</testsuite> <!-- ParallelTest.TestBrowser -->
