<?xml version="1.0" encoding="UTF-8"?>
<!-- Generated by org.testng.reporters.JUnitReportReporter -->
<testsuite skipped="0" hostname="W0472501MSMXT" name="testcases.Dataproviders" tests="2" failures="0" timestamp="2019-12-13T12:25:00 IST" time="0.007" errors="0">
  <testcase name="testData" time="0.006" classname="testcases.Dataproviders"/>
  <testcase name="testData" time="0.001" classname="testcases.Dataproviders"/>
</testsuite> <!-- testcases.Dataproviders -->
