<?xml version="1.0" encoding="UTF-8"?>
<!-- Generated by org.testng.reporters.JUnitReportReporter -->
<testsuite skipped="0" hostname="W0472501MSMXT" name="parameterization.TestParameterFromXML" tests="2" failures="0" timestamp="2019-12-13T13:10:00 IST" time="0.009" errors="0">
  <testcase name="getBrowser" time="0.001" classname="parameterization.TestParameterFromXML"/>
  <testcase name="getBrowser" time="0.008" classname="parameterization.TestParameterFromXML"/>
</testsuite> <!-- parameterization.TestParameterFromXML -->
