<?xml version="1.0" encoding="UTF-8"?>
<!-- Generated by org.testng.reporters.JUnitReportReporter -->
<testsuite skipped="0" hostname="W0472501MSMXT" name="testcases.TestCase1" tests="2" failures="0" timestamp="2019-12-12T20:47:11 IST" time="0.008" errors="0">
  <testcase name="doUserReg" time="0.006" classname="testcases.TestCase1"/>
  <testcase name="doLogin" time="0.002" classname="testcases.TestCase1"/>
</testsuite> <!-- testcases.TestCase1 -->
