<?xml version="1.0" encoding="UTF-8"?>
<!-- Generated by org.testng.reporters.JUnitReportReporter -->
<testsuite skipped="0" hostname="W0472501MSMXT" name="testcases.TestNGParamaterizationExcel" tests="2" failures="0" timestamp="2019-12-13T12:14:23 IST" time="0.009" errors="0">
  <testcase name="testData" time="0.001" classname="testcases.TestNGParamaterizationExcel"/>
  <testcase name="testData" time="0.008" classname="testcases.TestNGParamaterizationExcel"/>
</testsuite> <!-- testcases.TestNGParamaterizationExcel -->
