<?xml version="1.0" encoding="UTF-8"?>
<!-- Generated by org.testng.reporters.JUnitReportReporter -->
<testsuite skipped="0" hostname="W0472501MSMXT" name="parameterization.TestParameterization" tests="3" failures="0" timestamp="2019-12-12T23:47:41 IST" time="0.008" errors="0">
  <testcase name="doLogin" time="0.001" classname="parameterization.TestParameterization"/>
  <testcase name="doLogin" time="0.006" classname="parameterization.TestParameterization"/>
  <testcase name="doLogin" time="0.001" classname="parameterization.TestParameterization"/>
</testsuite> <!-- parameterization.TestParameterization -->
