<?xml version="1.0" encoding="UTF-8"?>
<!-- Generated by org.testng.reporters.JUnitReportReporter -->
<testsuite skipped="0" hostname="W0472501MSMXT" name="regressionTest.TestCase1" tests="2" failures="0" timestamp="2019-12-12T16:10:28 IST" time="0.002" errors="0">
  <testcase name="doUserReg" time="0.001" classname="regressionTest.TestCase1"/>
  <testcase name="doLogin" time="0.001" classname="regressionTest.TestCase1"/>
</testsuite> <!-- regressionTest.TestCase1 -->
