<?xml version="1.0" encoding="UTF-8"?>
<!-- Generated by org.testng.reporters.JUnitReportReporter -->
<testsuite skipped="0" hostname="W0472501MSMXT" name="ParallelTest.TestParallelDataProvider" tests="2" failures="0" timestamp="2019-12-13T13:29:01 IST" time="2.032" errors="0">
  <testcase name="doLogin" time="1.016" classname="ParallelTest.TestParallelDataProvider"/>
  <testcase name="doLogin" time="1.016" classname="ParallelTest.TestParallelDataProvider"/>
</testsuite> <!-- ParallelTest.TestParallelDataProvider -->
