<?xml version="1.0" encoding="UTF-8"?>
<!-- Generated by org.testng.reporters.JUnitReportReporter -->
<testsuite skipped="1" hostname="W0472501MSMXT" name="testcases.TestSkip" tests="1" failures="0" timestamp="2019-12-12T23:31:35 IST" time="0.000" errors="0">
  <testcase name="skipTest" time="0.000" classname="testcases.TestSkip">
    <skipped/>
  </testcase> <!-- skipTest -->
</testsuite> <!-- testcases.TestSkip -->
